<?xml version="1.0" encoding="UTF-8"?>
<!-- Generated by org.testng.reporters.JUnitXMLReporter -->
<testsuite hostname="NAZIA-ACER-SWIFT" ignored="0" name="NetBanking Application" tests="2" failures="1" timestamp="05 Jan 2022 10:12:19 GMT" time="21.771" errors="0">
  <testcase name="loginDDT" time="9.315" classname="com.bank.testCases.TC002_LoginDataDriven"/>
  <testcase name="loginDDT" time="5.006" classname="com.bank.testCases.TC002_LoginDataDriven">
    <failure type="java.lang.AssertionError" message="expected [true] but found [false]">
      <![CDATA[java.lang.AssertionError: expected [true] but found [false]
at com.bank.testCases.TC002_LoginDataDriven.loginDDT(TC002_LoginDataDriven.java:31)
... Removed 29 stack frames]]>
    </failure>
  </testcase> <!-- loginDDT -->
</testsuite> <!-- NetBanking Application -->
